0 info it worked if it ends with ok
1 verbose cli [ 'node', '/usr/local/bin/npm', 'install', 'php-expres' ]
2 info using npm@1.4.28
3 info using node@v0.10.34
4 verbose readDependencies using package.json deps
5 verbose cache add [ 'php-expres', null ]
6 verbose cache add name=undefined spec="php-expres" args=["php-expres",null]
7 verbose parsed url { protocol: null,
7 verbose parsed url   slashes: null,
7 verbose parsed url   auth: null,
7 verbose parsed url   host: null,
7 verbose parsed url   port: null,
7 verbose parsed url   hostname: null,
7 verbose parsed url   hash: null,
7 verbose parsed url   search: null,
7 verbose parsed url   query: null,
7 verbose parsed url   pathname: 'php-expres',
7 verbose parsed url   path: 'php-expres',
7 verbose parsed url   href: 'php-expres' }
8 silly lockFile a31f0d85-php-expres php-expres
9 verbose lock php-expres /Users/Ben/.npm/a31f0d85-php-expres.lock
10 silly lockFile a31f0d85-php-expres php-expres
11 silly lockFile a31f0d85-php-expres php-expres
12 verbose addNamed [ 'php-expres', '' ]
13 verbose addNamed [ null, '*' ]
14 silly lockFile df94184b-php-expres php-expres@
15 verbose lock php-expres@ /Users/Ben/.npm/df94184b-php-expres.lock
16 silly addNameRange { name: 'php-expres', range: '*', hasData: false }
17 verbose request where is /php-expres
18 verbose request registry https://registry.npmjs.org/
19 verbose request id b48480e2652a1582
20 verbose url raw /php-expres
21 verbose url resolving [ 'https://registry.npmjs.org/', './php-expres' ]
22 verbose url resolved https://registry.npmjs.org/php-expres
23 verbose request where is https://registry.npmjs.org/php-expres
24 info trying registry request attempt 1 at 03:44:18
25 http GET https://registry.npmjs.org/php-expres
26 http 404 https://registry.npmjs.org/php-expres
27 verbose headers { server: 'CouchDB/1.5.0 (Erlang OTP/R16B03)',
27 verbose headers   'content-type': 'application/json',
27 verbose headers   'cache-control': 'max-age=0',
27 verbose headers   'content-length': '51',
27 verbose headers   'accept-ranges': 'bytes',
27 verbose headers   date: 'Tue, 16 Jun 2015 07:44:18 GMT',
27 verbose headers   via: '1.1 varnish',
27 verbose headers   age: '0',
27 verbose headers   connection: 'keep-alive',
27 verbose headers   'x-served-by': 'cache-atl6235-ATL',
27 verbose headers   'x-cache': 'MISS',
27 verbose headers   'x-cache-hits': '0',
27 verbose headers   'x-timer': 'S1434440658.477631,VS0,VE79' }
28 silly registry.get cb [ 404,
28 silly registry.get   { server: 'CouchDB/1.5.0 (Erlang OTP/R16B03)',
28 silly registry.get     'content-type': 'application/json',
28 silly registry.get     'cache-control': 'max-age=0',
28 silly registry.get     'content-length': '51',
28 silly registry.get     'accept-ranges': 'bytes',
28 silly registry.get     date: 'Tue, 16 Jun 2015 07:44:18 GMT',
28 silly registry.get     via: '1.1 varnish',
28 silly registry.get     age: '0',
28 silly registry.get     connection: 'keep-alive',
28 silly registry.get     'x-served-by': 'cache-atl6235-ATL',
28 silly registry.get     'x-cache': 'MISS',
28 silly registry.get     'x-cache-hits': '0',
28 silly registry.get     'x-timer': 'S1434440658.477631,VS0,VE79' } ]
29 silly lockFile df94184b-php-expres php-expres@
30 silly lockFile df94184b-php-expres php-expres@
31 error 404 404 Not Found: php-expres
31 error 404
31 error 404 'php-expres' is not in the npm registry.
31 error 404 You should bug the author to publish it
31 error 404 It was specified as a dependency of 'node-js-getting-started'
31 error 404
31 error 404 Note that you can also install from a
31 error 404 tarball, folder, or http url, or git url.
32 error System Darwin 13.4.0
33 error command "node" "/usr/local/bin/npm" "install" "php-expres"
34 error cwd /Users/Ben/Documents/School Documents/Interactive Data Visualization/node-js-getting-started
35 error node -v v0.10.34
36 error npm -v 1.4.28
37 error code E404
38 verbose exit [ 1, true ]
